{"name": "test_enterDataInForm", "status": "failed", "statusDetails": {"message": "AssertionError", "trace": "self = <pages.ContactUsFormPage.ContactForm object at 0x000001E72744B130>, text = '987654210', locatorValue = '4', locatorType = 'index'\n\n    def sendText(self, text, locatorValue, locatorType=\"id\"):\n        element = None\n        try:\n            locatorType = locatorType.lower()\n>           element = self.waitForElement(locatorValue, locatorType)\n\n..\\base\\BasePage.py:80: \n_ _ _ _ _ _ _ _ _ _ _ _ _ _ _ _ _ _ _ _ _ _ _ _ _ _ _ _ _ _ _ _ _ _ _ _ _ _ _ _ _ _ _ _ _ _ _ _ _ _ _ _ _ _ _ _ _ _ _ _ _ _ _ _ _ _ _ _ _ _ _ _ _ _ _ _ _ \n\nself = <pages.ContactUsFormPage.ContactForm object at 0x000001E72744B130>, locatorValue = '4', locatorType = 'index'\n\n    def waitForElement(self, locatorValue, locatorType):\n        locatorType = locatorType.lower()\n        element = None\n        wait = WebDriverWait(self.driver, 25, poll_frequency=1,\n                             ignored_exceptions=[ElementNotVisibleException, ElementNotSelectableException,\n                                                 NoSuchElementException])\n    \n        if locatorType == \"id\":\n            element = wait.until(lambda x: x.find_element_by_id(locatorValue))\n            return element\n        elif locatorType == \"class\":\n            element = wait.until(lambda x: x.find_element_by_class_name(locatorValue))\n            return element\n        elif locatorType == \"description\":\n            element = wait.until(\n                lambda x: x.find_element_by_android_uiautomator(f'UiSelector().description(\"{locatorValue}\")'))\n            return element\n        elif locatorType == \"index\":\n>           element = wait.until(\n                lambda x: x.find_element_by_android_uiautomator(\"UiSelector().index(%d)\" % int(locatorvalue)))\n\n..\\base\\BasePage.py:34: \n_ _ _ _ _ _ _ _ _ _ _ _ _ _ _ _ _ _ _ _ _ _ _ _ _ _ _ _ _ _ _ _ _ _ _ _ _ _ _ _ _ _ _ _ _ _ _ _ _ _ _ _ _ _ _ _ _ _ _ _ _ _ _ _ _ _ _ _ _ _ _ _ _ _ _ _ _ \n\nself = <selenium.webdriver.support.wait.WebDriverWait (session=\"e1bba2bc-b272-491a-b271-d0fb253189f2\")>\nmethod = <function BasePage.waitForElement.<locals>.<lambda> at 0x000001E7272988B0>, message = ''\n\n    def until(self, method, message=''):\n        \"\"\"Calls the method provided with the driver as an argument until the \\\n        return value is not False.\"\"\"\n        screen = None\n        stacktrace = None\n    \n        end_time = time.time() + self._timeout\n        while True:\n            try:\n>               value = method(self._driver)\n\nC:\\Users\\a.padlo\\AppData\\Roaming\\Python\\Python39\\site-packages\\selenium\\webdriver\\support\\wait.py:71: \n_ _ _ _ _ _ _ _ _ _ _ _ _ _ _ _ _ _ _ _ _ _ _ _ _ _ _ _ _ _ _ _ _ _ _ _ _ _ _ _ _ _ _ _ _ _ _ _ _ _ _ _ _ _ _ _ _ _ _ _ _ _ _ _ _ _ _ _ _ _ _ _ _ _ _ _ _ \n\nx = <appium.webdriver.webdriver.WebDriver (session=\"e1bba2bc-b272-491a-b271-d0fb253189f2\")>\n\n>   lambda x: x.find_element_by_android_uiautomator(\"UiSelector().index(%d)\" % int(locatorvalue)))\nE   NameError: name 'locatorvalue' is not defined\n\n..\\base\\BasePage.py:35: NameError\n\nDuring handling of the above exception, another exception occurred:\n\nself = <tests.ContactUsFormTest.ContactFormTest testMethod=test_enterDataInForm>\n\n    @pytest.mark.run(order=2)\n    def test_enterDataInForm(self):\n        self. cf.enterName()\n        self.cf.enterEmail()\n        self.cf.enterAddress()\n>       self.cf.enterNumber()\n\nContactUsFormTest.py:19: \n_ _ _ _ _ _ _ _ _ _ _ _ _ _ _ _ _ _ _ _ _ _ _ _ _ _ _ _ _ _ _ _ _ _ _ _ _ _ _ _ _ _ _ _ _ _ _ _ _ _ _ _ _ _ _ _ _ _ _ _ _ _ _ _ _ _ _ _ _ _ _ _ _ _ _ _ _ \n..\\pages\\ContactUsFormPage.py:42: in enterNumber\n    self.sendText(\"987654210\",self._enterMobileNumber,\"index\")\n_ _ _ _ _ _ _ _ _ _ _ _ _ _ _ _ _ _ _ _ _ _ _ _ _ _ _ _ _ _ _ _ _ _ _ _ _ _ _ _ _ _ _ _ _ _ _ _ _ _ _ _ _ _ _ _ _ _ _ _ _ _ _ _ _ _ _ _ _ _ _ _ _ _ _ _ _ \n\nself = <pages.ContactUsFormPage.ContactForm object at 0x000001E72744B130>, text = '987654210', locatorValue = '4', locatorType = 'index'\n\n    def sendText(self, text, locatorValue, locatorType=\"id\"):\n        element = None\n        try:\n            locatorType = locatorType.lower()\n            element = self.waitForElement(locatorValue, locatorType)\n            element.send_keys(text)\n            self.log.info(\n                f\"Sent text to element with LocatorType: '{locatorType}' and LocatorValue: '{locatorValue}'\")\n        except:\n            self.log.info(\n                f\"Unable to send text to element with LocatorType: '{locatorType}' and LocatorValue: '{locatorValue}'\")\n            self.takeScreenshot(locatorType)\n>           assert False\nE           AssertionError\n\n..\\base\\BasePage.py:88: AssertionError"}, "steps": [{"name": "Entered name", "status": "passed", "start": 1644155206126, "stop": 1644155206126}, {"name": "Entered email", "status": "passed", "start": 1644155207220, "stop": 1644155207220}, {"name": "Entered address", "status": "passed", "start": 1644155208318, "stop": 1644155208318}], "attachments": [{"name": "index", "source": "cf066b27-c0e2-4d88-8888-c0f79b51462a-attachment.png", "type": "image/png"}, {"name": "log", "source": "29660880-23ad-4d3c-a87a-632c330ea89e-attachment.txt", "type": "text/plain"}], "start": 1644155205453, "stop": 1644155208862, "uuid": "50606e0a-0993-4e03-b4ea-7a3f7df4ed1e", "historyId": "6444df4ec6f393ee9ec3ede1549bb632", "testCaseId": "5c97ed56f77d2b257b93c39ac44cc825", "fullName": "ContactUsFormTest.ContactFormTest#test_enterDataInForm", "labels": [{"name": "tag", "value": "run(order=2)"}, {"name": "tag", "value": "@pytest.mark.usefixtures('beforeClass', 'beforeMethod')"}, {"name": "suite", "value": "ContactUsFormTest"}, {"name": "subSuite", "value": "ContactFormTest"}, {"name": "host", "value": "AMDN2796"}, {"name": "thread", "value": "6524-MainThread"}, {"name": "framework", "value": "pytest"}, {"name": "language", "value": "cpython3"}, {"name": "package", "value": "ContactUsFormTest"}]}